<?xml version="1.0" encoding="UTF-8"?>
<!-- Generated by org.testng.reporters.JUnitReportReporter -->
<testsuite hostname="NU-PLakare" failures="0" tests="3" name="com.test.petstore_api_testing_framework.testcases.rough_create_users" time="5.619" errors="0" timestamp="2023-07-16T17:54:55 IST" skipped="0">
  <testcase classname="com.test.petstore_api_testing_framework.testcases.rough_create_users" name="createListOfUser" time="2.521"/>
  <system-out/>
  <testcase classname="com.test.petstore_api_testing_framework.testcases.rough_create_users" name="updateUserDetail" time="1.387"/>
  <system-out/>
  <testcase classname="com.test.petstore_api_testing_framework.testcases.rough_create_users" name="getUserDetail" time="1.711"/>
  <system-out/>
</testsuite> <!-- com.test.petstore_api_testing_framework.testcases.rough_create_users -->
