<?xml version="1.0" encoding="UTF-8"?>
<!-- Generated by org.testng.reporters.JUnitReportReporter -->
<testsuite hostname="NU-PLakare" failures="0" tests="3" name="com.test.petstore_api_testing_framework.testcases.UserAPITestCases" time="5.707" errors="0" timestamp="2023-07-16T23:26:32 IST" skipped="0">
  <testcase classname="com.test.petstore_api_testing_framework.testcases.UserAPITestCases" name="createListOfUser" time="2.523"/>
  <system-out/>
  <testcase classname="com.test.petstore_api_testing_framework.testcases.UserAPITestCases" name="updateUserDetail" time="1.443"/>
  <system-out/>
  <testcase classname="com.test.petstore_api_testing_framework.testcases.UserAPITestCases" name="getUserDetail" time="1.741"/>
  <system-out/>
</testsuite> <!-- com.test.petstore_api_testing_framework.testcases.UserAPITestCases -->
