<?xml version="1.0" encoding="UTF-8"?>
<!-- Generated by org.testng.reporters.JUnitReportReporter -->
<testsuite hostname="NU-PLakare" failures="0" tests="3" name="com.test.petstore_api_testing_framework.testcases.PetAPITestCases" time="6.615" errors="0" timestamp="2023-07-16T23:29:09 IST" skipped="0">
  <testcase classname="com.test.petstore_api_testing_framework.testcases.PetAPITestCases" name="createpet" time="2.736"/>
  <system-out/>
  <testcase classname="com.test.petstore_api_testing_framework.testcases.PetAPITestCases" name="updatePet" time="1.480"/>
  <system-out/>
  <testcase classname="com.test.petstore_api_testing_framework.testcases.PetAPITestCases" name="getPet" time="2.399"/>
  <system-out/>
</testsuite> <!-- com.test.petstore_api_testing_framework.testcases.PetAPITestCases -->
