<?xml version="1.0" encoding="UTF-8"?>
<!-- Generated by org.testng.reporters.JUnitReportReporter -->
<testsuite hostname="NU-PLakare" failures="0" tests="3" name="com.test.petstore_api_testing_framework.testcases.UserAPITestCase" time="5.760" errors="0" timestamp="2023-07-16T22:58:07 IST" skipped="0">
  <testcase classname="com.test.petstore_api_testing_framework.testcases.UserAPITestCase" name="createListOfUser" time="2.605"/>
  <system-out/>
  <testcase classname="com.test.petstore_api_testing_framework.testcases.UserAPITestCase" name="updateUserDetail" time="1.738"/>
  <system-out/>
  <testcase classname="com.test.petstore_api_testing_framework.testcases.UserAPITestCase" name="getUserDetail" time="1.417"/>
  <system-out/>
</testsuite> <!-- com.test.petstore_api_testing_framework.testcases.UserAPITestCase -->
