<?xml version="1.0" encoding="UTF-8"?>
<!-- Generated by org.testng.reporters.JUnitReportReporter -->
<testsuite hostname="NU-PLakare" failures="0" tests="3" name="com.test.petstore_api_testing_framework.testcases.UserAPITestCases" time="4.446" errors="0" timestamp="2023-07-16T23:43:38 IST" skipped="0">
  <testcase classname="com.test.petstore_api_testing_framework.testcases.UserAPITestCases" name="createListOfUser" time="1.517"/>
  <system-out/>
  <testcase classname="com.test.petstore_api_testing_framework.testcases.UserAPITestCases" name="updateUserDetail" time="1.485"/>
  <system-out/>
  <testcase classname="com.test.petstore_api_testing_framework.testcases.UserAPITestCases" name="getUserDetail" time="1.444"/>
  <system-out/>
</testsuite> <!-- com.test.petstore_api_testing_framework.testcases.UserAPITestCases -->
